[0.081s] Invoking command in '/home/rahulravikumar/rover_ws/build/rover': CMAKE_PREFIX_PATH=${CMAKE_PREFIX_PATH}:/home/rahulravikumar/ros2_ws/install/my_py_pkg:/home/rahulravikumar/ros2_ws/install/exam_invigilation:/opt/ros/humble /usr/bin/cmake --build /home/rahulravikumar/rover_ws/build/rover -- -j4 -l4
[0.251s] Built target ament_cmake_python_copy_rover
[0.608s] running egg_info
[0.611s] writing rover.egg-info/PKG-INFO
[0.613s] writing dependency_links to rover.egg-info/dependency_links.txt
[0.613s] writing top-level names to rover.egg-info/top_level.txt
[0.618s] reading manifest file 'rover.egg-info/SOURCES.txt'
[0.640s] writing manifest file 'rover.egg-info/SOURCES.txt'
[0.701s] Built target ament_cmake_python_build_rover_egg
[0.717s] Invoked command in '/home/rahulravikumar/rover_ws/build/rover' returned '0': CMAKE_PREFIX_PATH=${CMAKE_PREFIX_PATH}:/home/rahulravikumar/ros2_ws/install/my_py_pkg:/home/rahulravikumar/ros2_ws/install/exam_invigilation:/opt/ros/humble /usr/bin/cmake --build /home/rahulravikumar/rover_ws/build/rover -- -j4 -l4
[0.840s] Invoking command in '/home/rahulravikumar/rover_ws/build/rover': CMAKE_PREFIX_PATH=${CMAKE_PREFIX_PATH}:/home/rahulravikumar/ros2_ws/install/my_py_pkg:/home/rahulravikumar/ros2_ws/install/exam_invigilation:/opt/ros/humble /usr/bin/cmake --install /home/rahulravikumar/rover_ws/build/rover
[0.863s] -- Install configuration: ""
[0.863s] -- Up-to-date: /home/rahulravikumar/rover_ws/install/rover/share/rover/environment/pythonpath.sh
[0.863s] -- Up-to-date: /home/rahulravikumar/rover_ws/install/rover/share/rover/environment/pythonpath.dsv
[0.863s] -- Up-to-date: /home/rahulravikumar/rover_ws/install/rover/local/lib/python3.10/dist-packages/rover-0.0.0-py3.10.egg-info
[0.871s] -- Installing: /home/rahulravikumar/rover_ws/install/rover/local/lib/python3.10/dist-packages/rover-0.0.0-py3.10.egg-info/top_level.txt
[0.878s] -- Installing: /home/rahulravikumar/rover_ws/install/rover/local/lib/python3.10/dist-packages/rover-0.0.0-py3.10.egg-info/PKG-INFO
[0.878s] -- Installing: /home/rahulravikumar/rover_ws/install/rover/local/lib/python3.10/dist-packages/rover-0.0.0-py3.10.egg-info/dependency_links.txt
[0.878s] -- Installing: /home/rahulravikumar/rover_ws/install/rover/local/lib/python3.10/dist-packages/rover-0.0.0-py3.10.egg-info/SOURCES.txt
[0.878s] -- Up-to-date: /home/rahulravikumar/rover_ws/install/rover/local/lib/python3.10/dist-packages/rover
[0.878s] -- Up-to-date: /home/rahulravikumar/rover_ws/install/rover/local/lib/python3.10/dist-packages/rover/brain.py
[0.879s] -- Up-to-date: /home/rahulravikumar/rover_ws/install/rover/local/lib/python3.10/dist-packages/rover/__init__.py
[0.879s] -- Up-to-date: /home/rahulravikumar/rover_ws/install/rover/local/lib/python3.10/dist-packages/rover/controller.py
[0.915s] Listing '/home/rahulravikumar/rover_ws/install/rover/local/lib/python3.10/dist-packages/rover'...
[0.919s] -- Up-to-date: /home/rahulravikumar/rover_ws/install/rover/lib/rover/controller.py
[0.920s] -- Up-to-date: /home/rahulravikumar/rover_ws/install/rover/share/rover/launch
[0.920s] -- Up-to-date: /home/rahulravikumar/rover_ws/install/rover/share/rover/launch/rsp.launch.py
[0.920s] -- Up-to-date: /home/rahulravikumar/rover_ws/install/rover/share/rover/launch/launch_sim.launch.py
[0.920s] -- Up-to-date: /home/rahulravikumar/rover_ws/install/rover/share/rover/config
[0.921s] -- Up-to-date: /home/rahulravikumar/rover_ws/install/rover/share/rover/config/my_controller.yaml
[0.921s] -- Up-to-date: /home/rahulravikumar/rover_ws/install/rover/share/rover/config/gazebo_params.yaml
[0.921s] -- Up-to-date: /home/rahulravikumar/rover_ws/install/rover/share/rover/config/empty.yaml
[0.921s] -- Up-to-date: /home/rahulravikumar/rover_ws/install/rover/share/rover/config/twist_mux.yaml
[0.921s] -- Up-to-date: /home/rahulravikumar/rover_ws/install/rover/share/rover/description
[0.921s] -- Up-to-date: /home/rahulravikumar/rover_ws/install/rover/share/rover/description/robot_core.xacro
[0.921s] -- Up-to-date: /home/rahulravikumar/rover_ws/install/rover/share/rover/description/ros2_control.xacro
[0.921s] -- Up-to-date: /home/rahulravikumar/rover_ws/install/rover/share/rover/description/robot.urdf.xacro
[0.921s] -- Up-to-date: /home/rahulravikumar/rover_ws/install/rover/share/rover/description/inertial_macros.xacro
[0.921s] -- Up-to-date: /home/rahulravikumar/rover_ws/install/rover/share/rover/worlds
[0.922s] -- Up-to-date: /home/rahulravikumar/rover_ws/install/rover/share/rover/worlds/obstacles.world
[0.922s] -- Up-to-date: /home/rahulravikumar/rover_ws/install/rover/share/rover/worlds/empty.world
[0.922s] -- Up-to-date: /home/rahulravikumar/rover_ws/install/rover/share/ament_index/resource_index/package_run_dependencies/rover
[0.922s] -- Up-to-date: /home/rahulravikumar/rover_ws/install/rover/share/ament_index/resource_index/parent_prefix_path/rover
[0.922s] -- Up-to-date: /home/rahulravikumar/rover_ws/install/rover/share/rover/environment/ament_prefix_path.sh
[0.922s] -- Up-to-date: /home/rahulravikumar/rover_ws/install/rover/share/rover/environment/ament_prefix_path.dsv
[0.922s] -- Up-to-date: /home/rahulravikumar/rover_ws/install/rover/share/rover/environment/path.sh
[0.922s] -- Up-to-date: /home/rahulravikumar/rover_ws/install/rover/share/rover/environment/path.dsv
[0.922s] -- Up-to-date: /home/rahulravikumar/rover_ws/install/rover/share/rover/local_setup.bash
[0.923s] -- Up-to-date: /home/rahulravikumar/rover_ws/install/rover/share/rover/local_setup.sh
[0.923s] -- Up-to-date: /home/rahulravikumar/rover_ws/install/rover/share/rover/local_setup.zsh
[0.923s] -- Up-to-date: /home/rahulravikumar/rover_ws/install/rover/share/rover/local_setup.dsv
[0.923s] -- Installing: /home/rahulravikumar/rover_ws/install/rover/share/rover/package.dsv
[0.923s] -- Up-to-date: /home/rahulravikumar/rover_ws/install/rover/share/ament_index/resource_index/packages/rover
[0.923s] -- Up-to-date: /home/rahulravikumar/rover_ws/install/rover/share/rover/cmake/roverConfig.cmake
[0.923s] -- Up-to-date: /home/rahulravikumar/rover_ws/install/rover/share/rover/cmake/roverConfig-version.cmake
[0.923s] -- Up-to-date: /home/rahulravikumar/rover_ws/install/rover/share/rover/package.xml
[0.929s] Invoked command in '/home/rahulravikumar/rover_ws/build/rover' returned '0': CMAKE_PREFIX_PATH=${CMAKE_PREFIX_PATH}:/home/rahulravikumar/ros2_ws/install/my_py_pkg:/home/rahulravikumar/ros2_ws/install/exam_invigilation:/opt/ros/humble /usr/bin/cmake --install /home/rahulravikumar/rover_ws/build/rover
