[0.070s] Invoking command in '/home/rahulravikumar/rover_ws/build/rover': CMAKE_PREFIX_PATH=${CMAKE_PREFIX_PATH}:/home/rahulravikumar/ros2_ws/install/my_py_pkg:/home/rahulravikumar/ros2_ws/install/exam_invigilation:/opt/ros/humble /usr/bin/cmake --build /home/rahulravikumar/rover_ws/build/rover -- -j4 -l4
[0.279s] Built target ament_cmake_python_copy_rover
[0.579s] running egg_info
[0.580s] writing rover.egg-info/PKG-INFO
[0.580s] writing dependency_links to rover.egg-info/dependency_links.txt
[0.581s] writing top-level names to rover.egg-info/top_level.txt
[0.585s] reading manifest file 'rover.egg-info/SOURCES.txt'
[0.587s] writing manifest file 'rover.egg-info/SOURCES.txt'
[0.613s] Built target ament_cmake_python_build_rover_egg
[0.626s] Invoked command in '/home/rahulravikumar/rover_ws/build/rover' returned '0': CMAKE_PREFIX_PATH=${CMAKE_PREFIX_PATH}:/home/rahulravikumar/ros2_ws/install/my_py_pkg:/home/rahulravikumar/ros2_ws/install/exam_invigilation:/opt/ros/humble /usr/bin/cmake --build /home/rahulravikumar/rover_ws/build/rover -- -j4 -l4
[0.710s] Invoking command in '/home/rahulravikumar/rover_ws/build/rover': CMAKE_PREFIX_PATH=${CMAKE_PREFIX_PATH}:/home/rahulravikumar/ros2_ws/install/my_py_pkg:/home/rahulravikumar/ros2_ws/install/exam_invigilation:/opt/ros/humble /usr/bin/cmake --install /home/rahulravikumar/rover_ws/build/rover
[0.721s] -- Install configuration: ""
[0.722s] -- Up-to-date: /home/rahulravikumar/rover_ws/install/rover/share/rover/environment/pythonpath.sh
[0.723s] -- Up-to-date: /home/rahulravikumar/rover_ws/install/rover/share/rover/environment/pythonpath.dsv
[0.723s] -- Up-to-date: /home/rahulravikumar/rover_ws/install/rover/local/lib/python3.10/dist-packages/rover-0.0.0-py3.10.egg-info
[0.723s] -- Installing: /home/rahulravikumar/rover_ws/install/rover/local/lib/python3.10/dist-packages/rover-0.0.0-py3.10.egg-info/top_level.txt
[0.723s] -- Installing: /home/rahulravikumar/rover_ws/install/rover/local/lib/python3.10/dist-packages/rover-0.0.0-py3.10.egg-info/PKG-INFO
[0.723s] -- Installing: /home/rahulravikumar/rover_ws/install/rover/local/lib/python3.10/dist-packages/rover-0.0.0-py3.10.egg-info/dependency_links.txt
[0.724s] -- Installing: /home/rahulravikumar/rover_ws/install/rover/local/lib/python3.10/dist-packages/rover-0.0.0-py3.10.egg-info/SOURCES.txt
[0.724s] -- Up-to-date: /home/rahulravikumar/rover_ws/install/rover/local/lib/python3.10/dist-packages/rover
[0.724s] -- Up-to-date: /home/rahulravikumar/rover_ws/install/rover/local/lib/python3.10/dist-packages/rover/brain.py
[0.725s] -- Up-to-date: /home/rahulravikumar/rover_ws/install/rover/local/lib/python3.10/dist-packages/rover/__init__.py
[0.725s] -- Up-to-date: /home/rahulravikumar/rover_ws/install/rover/local/lib/python3.10/dist-packages/rover/controller.py
[0.767s] Listing '/home/rahulravikumar/rover_ws/install/rover/local/lib/python3.10/dist-packages/rover'...
[0.774s] -- Up-to-date: /home/rahulravikumar/rover_ws/install/rover/lib/rover/controller.py
[0.774s] -- Up-to-date: /home/rahulravikumar/rover_ws/install/rover/share/rover/launch
[0.775s] -- Up-to-date: /home/rahulravikumar/rover_ws/install/rover/share/rover/launch/rsp.launch.py
[0.775s] -- Up-to-date: /home/rahulravikumar/rover_ws/install/rover/share/rover/launch/launch_sim.launch.py
[0.775s] -- Up-to-date: /home/rahulravikumar/rover_ws/install/rover/share/rover/config
[0.776s] -- Up-to-date: /home/rahulravikumar/rover_ws/install/rover/share/rover/config/my_controller.yaml
[0.776s] -- Up-to-date: /home/rahulravikumar/rover_ws/install/rover/share/rover/config/gazebo_params.yaml
[0.777s] -- Up-to-date: /home/rahulravikumar/rover_ws/install/rover/share/rover/config/empty.yaml
[0.777s] -- Up-to-date: /home/rahulravikumar/rover_ws/install/rover/share/rover/config/twist_mux.yaml
[0.777s] -- Up-to-date: /home/rahulravikumar/rover_ws/install/rover/share/rover/description
[0.777s] -- Up-to-date: /home/rahulravikumar/rover_ws/install/rover/share/rover/description/robot_core.xacro
[0.777s] -- Up-to-date: /home/rahulravikumar/rover_ws/install/rover/share/rover/description/ros2_control.xacro
[0.778s] -- Up-to-date: /home/rahulravikumar/rover_ws/install/rover/share/rover/description/robot.urdf.xacro
[0.778s] -- Up-to-date: /home/rahulravikumar/rover_ws/install/rover/share/rover/description/inertial_macros.xacro
[0.778s] -- Up-to-date: /home/rahulravikumar/rover_ws/install/rover/share/rover/worlds
[0.778s] -- Up-to-date: /home/rahulravikumar/rover_ws/install/rover/share/rover/worlds/obstacles.world
[0.778s] -- Up-to-date: /home/rahulravikumar/rover_ws/install/rover/share/rover/worlds/empty.world
[0.778s] -- Up-to-date: /home/rahulravikumar/rover_ws/install/rover/share/ament_index/resource_index/package_run_dependencies/rover
[0.779s] -- Up-to-date: /home/rahulravikumar/rover_ws/install/rover/share/ament_index/resource_index/parent_prefix_path/rover
[0.779s] -- Up-to-date: /home/rahulravikumar/rover_ws/install/rover/share/rover/environment/ament_prefix_path.sh
[0.779s] -- Up-to-date: /home/rahulravikumar/rover_ws/install/rover/share/rover/environment/ament_prefix_path.dsv
[0.779s] -- Up-to-date: /home/rahulravikumar/rover_ws/install/rover/share/rover/environment/path.sh
[0.779s] -- Up-to-date: /home/rahulravikumar/rover_ws/install/rover/share/rover/environment/path.dsv
[0.779s] -- Up-to-date: /home/rahulravikumar/rover_ws/install/rover/share/rover/local_setup.bash
[0.780s] -- Up-to-date: /home/rahulravikumar/rover_ws/install/rover/share/rover/local_setup.sh
[0.780s] -- Up-to-date: /home/rahulravikumar/rover_ws/install/rover/share/rover/local_setup.zsh
[0.781s] -- Up-to-date: /home/rahulravikumar/rover_ws/install/rover/share/rover/local_setup.dsv
[0.781s] -- Installing: /home/rahulravikumar/rover_ws/install/rover/share/rover/package.dsv
[0.783s] -- Up-to-date: /home/rahulravikumar/rover_ws/install/rover/share/ament_index/resource_index/packages/rover
[0.783s] -- Up-to-date: /home/rahulravikumar/rover_ws/install/rover/share/rover/cmake/roverConfig.cmake
[0.783s] -- Up-to-date: /home/rahulravikumar/rover_ws/install/rover/share/rover/cmake/roverConfig-version.cmake
[0.783s] -- Up-to-date: /home/rahulravikumar/rover_ws/install/rover/share/rover/package.xml
[0.786s] Invoked command in '/home/rahulravikumar/rover_ws/build/rover' returned '0': CMAKE_PREFIX_PATH=${CMAKE_PREFIX_PATH}:/home/rahulravikumar/ros2_ws/install/my_py_pkg:/home/rahulravikumar/ros2_ws/install/exam_invigilation:/opt/ros/humble /usr/bin/cmake --install /home/rahulravikumar/rover_ws/build/rover
