[0.532s] DEBUG:colcon:Command line arguments: ['/usr/bin/colcon', 'build']
[0.532s] DEBUG:colcon:Parsed command line arguments: Namespace(log_base=None, log_level=None, verb_name='build', build_base='build', install_base='install', merge_install=False, symlink_install=False, test_result_base=None, continue_on_error=False, executor='parallel', parallel_workers=4, event_handlers=None, ignore_user_meta=False, metas=['./colcon.meta'], base_paths=['.'], packages_ignore=None, packages_ignore_regex=None, paths=None, packages_up_to=None, packages_up_to_regex=None, packages_above=None, packages_above_and_dependencies=None, packages_above_depth=None, packages_select_by_dep=None, packages_skip_by_dep=None, packages_skip_up_to=None, packages_select_build_failed=False, packages_skip_build_finished=False, packages_select_test_failures=False, packages_skip_test_passed=False, packages_select=None, packages_skip=None, packages_select_regex=None, packages_skip_regex=None, packages_start=None, packages_end=None, allow_overriding=[], cmake_args=None, cmake_target=None, cmake_target_skip_unavailable=False, cmake_clean_cache=False, cmake_clean_first=False, cmake_force_configure=False, ament_cmake_args=None, catkin_cmake_args=None, catkin_skip_building_tests=False, verb_parser=<colcon_defaults.argument_parser.defaults.DefaultArgumentsDecorator object at 0x7fa8d97c5ea0>, verb_extension=<colcon_core.verb.build.BuildVerb object at 0x7fa8d9613520>, main=<bound method BuildVerb.main of <colcon_core.verb.build.BuildVerb object at 0x7fa8d9613520>>)
[0.566s] Level 1:colcon.colcon_core.package_discovery:discover_packages(colcon_meta) check parameters
[0.566s] Level 1:colcon.colcon_core.package_discovery:discover_packages(recursive) check parameters
[0.566s] Level 1:colcon.colcon_core.package_discovery:discover_packages(ignore) check parameters
[0.566s] Level 1:colcon.colcon_core.package_discovery:discover_packages(path) check parameters
[0.566s] Level 1:colcon.colcon_core.package_discovery:discover_packages(colcon_meta) discover
[0.567s] Level 1:colcon.colcon_core.package_discovery:discover_packages(recursive) discover
[0.567s] INFO:colcon.colcon_core.package_discovery:Crawling recursively for packages in '/home/rahulravikumar/rover_ws'
[0.567s] Level 1:colcon.colcon_core.package_identification:_identify(.) by extensions ['ignore', 'ignore_ament_install']
[0.567s] Level 1:colcon.colcon_core.package_identification:_identify(.) by extension 'ignore'
[0.567s] Level 1:colcon.colcon_core.package_identification:_identify(.) by extension 'ignore_ament_install'
[0.567s] Level 1:colcon.colcon_core.package_identification:_identify(.) by extensions ['colcon_pkg']
[0.567s] Level 1:colcon.colcon_core.package_identification:_identify(.) by extension 'colcon_pkg'
[0.567s] Level 1:colcon.colcon_core.package_identification:_identify(.) by extensions ['colcon_meta']
[0.567s] Level 1:colcon.colcon_core.package_identification:_identify(.) by extension 'colcon_meta'
[0.567s] Level 1:colcon.colcon_core.package_identification:_identify(.) by extensions ['ros']
[0.567s] Level 1:colcon.colcon_core.package_identification:_identify(.) by extension 'ros'
[0.583s] Level 1:colcon.colcon_core.package_identification:_identify(.) by extensions ['cmake', 'python']
[0.584s] Level 1:colcon.colcon_core.package_identification:_identify(.) by extension 'cmake'
[0.584s] Level 1:colcon.colcon_core.package_identification:_identify(.) by extension 'python'
[0.584s] Level 1:colcon.colcon_core.package_identification:_identify(.) by extensions ['python_setup_py']
[0.584s] Level 1:colcon.colcon_core.package_identification:_identify(.) by extension 'python_setup_py'
[0.584s] Level 1:colcon.colcon_core.package_identification:_identify(build) by extensions ['ignore', 'ignore_ament_install']
[0.584s] Level 1:colcon.colcon_core.package_identification:_identify(build) by extension 'ignore'
[0.584s] Level 1:colcon.colcon_core.package_identification:_identify(build) ignored
[0.584s] Level 1:colcon.colcon_core.package_identification:_identify(install) by extensions ['ignore', 'ignore_ament_install']
[0.584s] Level 1:colcon.colcon_core.package_identification:_identify(install) by extension 'ignore'
[0.585s] Level 1:colcon.colcon_core.package_identification:_identify(install) ignored
[0.585s] Level 1:colcon.colcon_core.package_identification:_identify(log) by extensions ['ignore', 'ignore_ament_install']
[0.585s] Level 1:colcon.colcon_core.package_identification:_identify(log) by extension 'ignore'
[0.585s] Level 1:colcon.colcon_core.package_identification:_identify(log) ignored
[0.585s] Level 1:colcon.colcon_core.package_identification:_identify(src) by extensions ['ignore', 'ignore_ament_install']
[0.585s] Level 1:colcon.colcon_core.package_identification:_identify(src) by extension 'ignore'
[0.585s] Level 1:colcon.colcon_core.package_identification:_identify(src) by extension 'ignore_ament_install'
[0.585s] Level 1:colcon.colcon_core.package_identification:_identify(src) by extensions ['colcon_pkg']
[0.585s] Level 1:colcon.colcon_core.package_identification:_identify(src) by extension 'colcon_pkg'
[0.585s] Level 1:colcon.colcon_core.package_identification:_identify(src) by extensions ['colcon_meta']
[0.585s] Level 1:colcon.colcon_core.package_identification:_identify(src) by extension 'colcon_meta'
[0.585s] Level 1:colcon.colcon_core.package_identification:_identify(src) by extensions ['ros']
[0.585s] Level 1:colcon.colcon_core.package_identification:_identify(src) by extension 'ros'
[0.585s] Level 1:colcon.colcon_core.package_identification:_identify(src) by extensions ['cmake', 'python']
[0.585s] Level 1:colcon.colcon_core.package_identification:_identify(src) by extension 'cmake'
[0.585s] Level 1:colcon.colcon_core.package_identification:_identify(src) by extension 'python'
[0.585s] Level 1:colcon.colcon_core.package_identification:_identify(src) by extensions ['python_setup_py']
[0.585s] Level 1:colcon.colcon_core.package_identification:_identify(src) by extension 'python_setup_py'
[0.586s] Level 1:colcon.colcon_core.package_identification:_identify(src/rover) by extensions ['ignore', 'ignore_ament_install']
[0.586s] Level 1:colcon.colcon_core.package_identification:_identify(src/rover) by extension 'ignore'
[0.586s] Level 1:colcon.colcon_core.package_identification:_identify(src/rover) by extension 'ignore_ament_install'
[0.586s] Level 1:colcon.colcon_core.package_identification:_identify(src/rover) by extensions ['colcon_pkg']
[0.586s] Level 1:colcon.colcon_core.package_identification:_identify(src/rover) by extension 'colcon_pkg'
[0.586s] Level 1:colcon.colcon_core.package_identification:_identify(src/rover) by extensions ['colcon_meta']
[0.586s] Level 1:colcon.colcon_core.package_identification:_identify(src/rover) by extension 'colcon_meta'
[0.586s] Level 1:colcon.colcon_core.package_identification:_identify(src/rover) by extensions ['ros']
[0.586s] Level 1:colcon.colcon_core.package_identification:_identify(src/rover) by extension 'ros'
[0.590s] DEBUG:colcon.colcon_core.package_identification:Package 'src/rover' with type 'ros.ament_cmake' and name 'rover'
[0.590s] Level 1:colcon.colcon_core.package_discovery:discover_packages(recursive) using defaults
[0.590s] Level 1:colcon.colcon_core.package_discovery:discover_packages(ignore) discover
[0.590s] Level 1:colcon.colcon_core.package_discovery:discover_packages(ignore) using defaults
[0.590s] Level 1:colcon.colcon_core.package_discovery:discover_packages(path) discover
[0.590s] Level 1:colcon.colcon_core.package_discovery:discover_packages(path) using defaults
[0.630s] Level 1:colcon.colcon_core.package_discovery:discover_packages(prefix_path) check parameters
[0.630s] Level 1:colcon.colcon_core.package_discovery:discover_packages(prefix_path) discover
[0.634s] DEBUG:colcon.colcon_installed_package_information.package_discovery:Found 1 installed packages in /home/rahulravikumar/rover_ws/install
[0.635s] DEBUG:colcon.colcon_installed_package_information.package_discovery:Found 6 installed packages in /home/rahulravikumar/ros2_ws/install
[0.637s] DEBUG:colcon.colcon_installed_package_information.package_discovery:Found 337 installed packages in /opt/ros/humble
[0.639s] Level 1:colcon.colcon_core.package_discovery:discover_packages(prefix_path) using defaults
[0.718s] Level 5:colcon.colcon_core.verb:set package 'rover' build argument 'cmake_args' from command line to 'None'
[0.718s] Level 5:colcon.colcon_core.verb:set package 'rover' build argument 'cmake_target' from command line to 'None'
[0.718s] Level 5:colcon.colcon_core.verb:set package 'rover' build argument 'cmake_target_skip_unavailable' from command line to 'False'
[0.718s] Level 5:colcon.colcon_core.verb:set package 'rover' build argument 'cmake_clean_cache' from command line to 'False'
[0.718s] Level 5:colcon.colcon_core.verb:set package 'rover' build argument 'cmake_clean_first' from command line to 'False'
[0.718s] Level 5:colcon.colcon_core.verb:set package 'rover' build argument 'cmake_force_configure' from command line to 'False'
[0.718s] Level 5:colcon.colcon_core.verb:set package 'rover' build argument 'ament_cmake_args' from command line to 'None'
[0.718s] Level 5:colcon.colcon_core.verb:set package 'rover' build argument 'catkin_cmake_args' from command line to 'None'
[0.718s] Level 5:colcon.colcon_core.verb:set package 'rover' build argument 'catkin_skip_building_tests' from command line to 'False'
[0.718s] DEBUG:colcon.colcon_core.verb:Building package 'rover' with the following arguments: {'ament_cmake_args': None, 'build_base': '/home/rahulravikumar/rover_ws/build/rover', 'catkin_cmake_args': None, 'catkin_skip_building_tests': False, 'cmake_args': None, 'cmake_clean_cache': False, 'cmake_clean_first': False, 'cmake_force_configure': False, 'cmake_target': None, 'cmake_target_skip_unavailable': False, 'install_base': '/home/rahulravikumar/rover_ws/install/rover', 'merge_install': False, 'path': '/home/rahulravikumar/rover_ws/src/rover', 'symlink_install': False, 'test_result_base': None}
[0.719s] INFO:colcon.colcon_core.executor:Executing jobs using 'parallel' executor
[0.726s] DEBUG:colcon.colcon_parallel_executor.executor.parallel:run_until_complete
[0.727s] INFO:colcon.colcon_ros.task.ament_cmake.build:Building ROS package in '/home/rahulravikumar/rover_ws/src/rover' with build type 'ament_cmake'
[0.727s] INFO:colcon.colcon_cmake.task.cmake.build:Building CMake package in '/home/rahulravikumar/rover_ws/src/rover'
[0.736s] INFO:colcon.colcon_core.plugin_system:Skipping extension 'colcon_core.shell.bat': Not used on non-Windows systems
[0.737s] INFO:colcon.colcon_core.shell:Skip shell extension 'powershell' for command environment: Not usable outside of PowerShell
[0.737s] DEBUG:colcon.colcon_core.shell:Skip shell extension 'dsv' for command environment
[0.811s] DEBUG:colcon.colcon_core.event_handler.log_command:Invoking command in '/home/rahulravikumar/rover_ws/build/rover': CMAKE_PREFIX_PATH=${CMAKE_PREFIX_PATH}:/home/rahulravikumar/ros2_ws/install/my_py_pkg:/home/rahulravikumar/ros2_ws/install/exam_invigilation:/opt/ros/humble /usr/bin/cmake --build /home/rahulravikumar/rover_ws/build/rover -- -j4 -l4
[1.447s] DEBUG:colcon.colcon_core.event_handler.log_command:Invoked command in '/home/rahulravikumar/rover_ws/build/rover' returned '0': CMAKE_PREFIX_PATH=${CMAKE_PREFIX_PATH}:/home/rahulravikumar/ros2_ws/install/my_py_pkg:/home/rahulravikumar/ros2_ws/install/exam_invigilation:/opt/ros/humble /usr/bin/cmake --build /home/rahulravikumar/rover_ws/build/rover -- -j4 -l4
[1.570s] DEBUG:colcon.colcon_core.event_handler.log_command:Invoking command in '/home/rahulravikumar/rover_ws/build/rover': CMAKE_PREFIX_PATH=${CMAKE_PREFIX_PATH}:/home/rahulravikumar/ros2_ws/install/my_py_pkg:/home/rahulravikumar/ros2_ws/install/exam_invigilation:/opt/ros/humble /usr/bin/cmake --install /home/rahulravikumar/rover_ws/build/rover
[1.656s] Level 1:colcon.colcon_core.environment:create_environment_scripts_only(rover)
[1.659s] DEBUG:colcon.colcon_core.event_handler.log_command:Invoked command in '/home/rahulravikumar/rover_ws/build/rover' returned '0': CMAKE_PREFIX_PATH=${CMAKE_PREFIX_PATH}:/home/rahulravikumar/ros2_ws/install/my_py_pkg:/home/rahulravikumar/ros2_ws/install/exam_invigilation:/opt/ros/humble /usr/bin/cmake --install /home/rahulravikumar/rover_ws/build/rover
[1.663s] Level 1:colcon.colcon_core.environment:checking '/home/rahulravikumar/rover_ws/install/rover' for CMake module files
[1.664s] Level 1:colcon.colcon_core.environment:checking '/home/rahulravikumar/rover_ws/install/rover' for CMake config files
[1.665s] Level 1:colcon.colcon_core.shell:create_environment_hook('rover', 'cmake_prefix_path')
[1.666s] INFO:colcon.colcon_core.shell:Creating environment hook '/home/rahulravikumar/rover_ws/install/rover/share/rover/hook/cmake_prefix_path.ps1'
[1.667s] INFO:colcon.colcon_core.shell:Creating environment descriptor '/home/rahulravikumar/rover_ws/install/rover/share/rover/hook/cmake_prefix_path.dsv'
[1.668s] INFO:colcon.colcon_core.shell:Creating environment hook '/home/rahulravikumar/rover_ws/install/rover/share/rover/hook/cmake_prefix_path.sh'
[1.670s] Level 1:colcon.colcon_core.environment:checking '/home/rahulravikumar/rover_ws/install/rover/lib'
[1.671s] Level 1:colcon.colcon_core.environment:checking '/home/rahulravikumar/rover_ws/install/rover/bin'
[1.671s] Level 1:colcon.colcon_core.environment:checking '/home/rahulravikumar/rover_ws/install/rover/lib/pkgconfig/rover.pc'
[1.672s] Level 1:colcon.colcon_core.environment:checking '/home/rahulravikumar/rover_ws/install/rover/lib/python3.10/site-packages'
[1.673s] Level 1:colcon.colcon_core.environment:checking '/home/rahulravikumar/rover_ws/install/rover/bin'
[1.678s] INFO:colcon.colcon_core.shell:Creating package script '/home/rahulravikumar/rover_ws/install/rover/share/rover/package.ps1'
[1.680s] INFO:colcon.colcon_core.shell:Creating package descriptor '/home/rahulravikumar/rover_ws/install/rover/share/rover/package.dsv'
[1.682s] INFO:colcon.colcon_core.shell:Creating package script '/home/rahulravikumar/rover_ws/install/rover/share/rover/package.sh'
[1.684s] INFO:colcon.colcon_core.shell:Creating package script '/home/rahulravikumar/rover_ws/install/rover/share/rover/package.bash'
[1.686s] INFO:colcon.colcon_core.shell:Creating package script '/home/rahulravikumar/rover_ws/install/rover/share/rover/package.zsh'
[1.690s] Level 1:colcon.colcon_core.environment:create_file_with_runtime_dependencies(/home/rahulravikumar/rover_ws/install/rover/share/colcon-core/packages/rover)
[1.768s] Level 1:colcon.colcon_core.environment:create_environment_scripts_only(rover)
[1.772s] Level 1:colcon.colcon_core.environment:checking '/home/rahulravikumar/rover_ws/install/rover' for CMake module files
[1.773s] Level 1:colcon.colcon_core.environment:checking '/home/rahulravikumar/rover_ws/install/rover' for CMake config files
[1.773s] Level 1:colcon.colcon_core.shell:create_environment_hook('rover', 'cmake_prefix_path')
[1.775s] INFO:colcon.colcon_core.shell:Creating environment hook '/home/rahulravikumar/rover_ws/install/rover/share/rover/hook/cmake_prefix_path.ps1'
[1.776s] INFO:colcon.colcon_core.shell:Creating environment descriptor '/home/rahulravikumar/rover_ws/install/rover/share/rover/hook/cmake_prefix_path.dsv'
[1.778s] INFO:colcon.colcon_core.shell:Creating environment hook '/home/rahulravikumar/rover_ws/install/rover/share/rover/hook/cmake_prefix_path.sh'
[1.779s] Level 1:colcon.colcon_core.environment:checking '/home/rahulravikumar/rover_ws/install/rover/lib'
[1.780s] Level 1:colcon.colcon_core.environment:checking '/home/rahulravikumar/rover_ws/install/rover/bin'
[1.780s] Level 1:colcon.colcon_core.environment:checking '/home/rahulravikumar/rover_ws/install/rover/lib/pkgconfig/rover.pc'
[1.781s] Level 1:colcon.colcon_core.environment:checking '/home/rahulravikumar/rover_ws/install/rover/lib/python3.10/site-packages'
[1.782s] Level 1:colcon.colcon_core.environment:checking '/home/rahulravikumar/rover_ws/install/rover/bin'
[1.795s] INFO:colcon.colcon_core.shell:Creating package script '/home/rahulravikumar/rover_ws/install/rover/share/rover/package.ps1'
[1.796s] INFO:colcon.colcon_core.shell:Creating package descriptor '/home/rahulravikumar/rover_ws/install/rover/share/rover/package.dsv'
[1.797s] INFO:colcon.colcon_core.shell:Creating package script '/home/rahulravikumar/rover_ws/install/rover/share/rover/package.sh'
[1.798s] INFO:colcon.colcon_core.shell:Creating package script '/home/rahulravikumar/rover_ws/install/rover/share/rover/package.bash'
[1.799s] INFO:colcon.colcon_core.shell:Creating package script '/home/rahulravikumar/rover_ws/install/rover/share/rover/package.zsh'
[1.801s] Level 1:colcon.colcon_core.environment:create_file_with_runtime_dependencies(/home/rahulravikumar/rover_ws/install/rover/share/colcon-core/packages/rover)
[1.808s] DEBUG:colcon.colcon_parallel_executor.executor.parallel:closing loop
[1.822s] DEBUG:colcon.colcon_parallel_executor.executor.parallel:loop closed
[1.822s] DEBUG:colcon.colcon_parallel_executor.executor.parallel:run_until_complete finished with '0'
[1.822s] DEBUG:colcon.colcon_core.event_reactor:joining thread
[1.850s] INFO:colcon.colcon_core.plugin_system:Skipping extension 'colcon_notification.desktop_notification.terminal_notifier': Not used on non-Darwin systems
[1.850s] INFO:colcon.colcon_core.plugin_system:Skipping extension 'colcon_notification.desktop_notification.win32': Not used on non-Windows systems
[1.850s] INFO:colcon.colcon_notification.desktop_notification:Sending desktop notification using 'notify2'
[1.915s] DEBUG:colcon.colcon_core.event_reactor:joined thread
[1.916s] INFO:colcon.colcon_core.shell:Creating prefix script '/home/rahulravikumar/rover_ws/install/local_setup.ps1'
[1.918s] INFO:colcon.colcon_core.shell:Creating prefix util module '/home/rahulravikumar/rover_ws/install/_local_setup_util_ps1.py'
[1.920s] INFO:colcon.colcon_core.shell:Creating prefix chain script '/home/rahulravikumar/rover_ws/install/setup.ps1'
[1.923s] INFO:colcon.colcon_core.shell:Creating prefix script '/home/rahulravikumar/rover_ws/install/local_setup.sh'
[1.924s] INFO:colcon.colcon_core.shell:Creating prefix util module '/home/rahulravikumar/rover_ws/install/_local_setup_util_sh.py'
[1.925s] INFO:colcon.colcon_core.shell:Creating prefix chain script '/home/rahulravikumar/rover_ws/install/setup.sh'
[1.927s] INFO:colcon.colcon_core.shell:Creating prefix script '/home/rahulravikumar/rover_ws/install/local_setup.bash'
[1.928s] INFO:colcon.colcon_core.shell:Creating prefix chain script '/home/rahulravikumar/rover_ws/install/setup.bash'
[1.931s] INFO:colcon.colcon_core.shell:Creating prefix script '/home/rahulravikumar/rover_ws/install/local_setup.zsh'
[1.932s] INFO:colcon.colcon_core.shell:Creating prefix chain script '/home/rahulravikumar/rover_ws/install/setup.zsh'
