-- The C compiler identification is GNU 11.3.0
-- The CXX compiler identification is GNU 11.3.0
-- Detecting C compiler ABI info
-- Detecting C compiler ABI info - done
-- Check for working C compiler: /usr/bin/cc - skipped
-- Detecting C compile features
-- Detecting C compile features - done
-- Detecting CXX compiler ABI info
-- Detecting CXX compiler ABI info - done
-- Check for working CXX compiler: /usr/bin/c++ - skipped
-- Detecting CXX compile features
-- Detecting CXX compile features - done
-- Found ament_cmake: 1.3.3 (/opt/ros/humble/share/ament_cmake/cmake)
-- Found Python3: /usr/bin/python3.10 (found version "3.10.6") found components: Interpreter 
-- Found ament_lint_auto: 0.12.5 (/opt/ros/humble/share/ament_lint_auto/cmake)
-- Added test 'flake8' to check Python code syntax and style conventions
-- Added test 'lint_cmake' to check CMake code style
-- Added test 'pep257' to check Python code against some of the docstring style conventions in PEP 257
-- Added test 'xmllint' to check XML markup files
-- Configuring done
-- Generating done
-- Build files have been written to: /home/rahulravikumar/rover_ws/build/rover
Built target ament_cmake_python_copy_rover
running egg_info
creating rover.egg-info
writing rover.egg-info/PKG-INFO
writing dependency_links to rover.egg-info/dependency_links.txt
writing top-level names to rover.egg-info/top_level.txt
writing manifest file 'rover.egg-info/SOURCES.txt'
reading manifest file 'rover.egg-info/SOURCES.txt'
writing manifest file 'rover.egg-info/SOURCES.txt'
Built target ament_cmake_python_build_rover_egg
-- Install configuration: ""
-- Installing: /home/rahulravikumar/rover_ws/install/rover/share/rover/environment/pythonpath.sh
-- Installing: /home/rahulravikumar/rover_ws/install/rover/share/rover/environment/pythonpath.dsv
-- Installing: /home/rahulravikumar/rover_ws/install/rover/local/lib/python3.10/dist-packages/rover-0.0.0-py3.10.egg-info
-- Installing: /home/rahulravikumar/rover_ws/install/rover/local/lib/python3.10/dist-packages/rover-0.0.0-py3.10.egg-info/top_level.txt
-- Installing: /home/rahulravikumar/rover_ws/install/rover/local/lib/python3.10/dist-packages/rover-0.0.0-py3.10.egg-info/PKG-INFO
-- Installing: /home/rahulravikumar/rover_ws/install/rover/local/lib/python3.10/dist-packages/rover-0.0.0-py3.10.egg-info/dependency_links.txt
-- Installing: /home/rahulravikumar/rover_ws/install/rover/local/lib/python3.10/dist-packages/rover-0.0.0-py3.10.egg-info/SOURCES.txt
-- Installing: /home/rahulravikumar/rover_ws/install/rover/local/lib/python3.10/dist-packages/rover
-- Installing: /home/rahulravikumar/rover_ws/install/rover/local/lib/python3.10/dist-packages/rover/brain.py
-- Installing: /home/rahulravikumar/rover_ws/install/rover/local/lib/python3.10/dist-packages/rover/__init__.py
-- Installing: /home/rahulravikumar/rover_ws/install/rover/local/lib/python3.10/dist-packages/rover/controller.py
Listing '/home/rahulravikumar/rover_ws/install/rover/local/lib/python3.10/dist-packages/rover'...
Compiling '/home/rahulravikumar/rover_ws/install/rover/local/lib/python3.10/dist-packages/rover/__init__.py'...
Compiling '/home/rahulravikumar/rover_ws/install/rover/local/lib/python3.10/dist-packages/rover/brain.py'...
Compiling '/home/rahulravikumar/rover_ws/install/rover/local/lib/python3.10/dist-packages/rover/controller.py'...
-- Installing: /home/rahulravikumar/rover_ws/install/rover/lib/rover/controller.py
-- Installing: /home/rahulravikumar/rover_ws/install/rover/share/rover/launch
-- Installing: /home/rahulravikumar/rover_ws/install/rover/share/rover/launch/rsp.launch.py
-- Installing: /home/rahulravikumar/rover_ws/install/rover/share/rover/launch/launch_sim.launch.py
-- Installing: /home/rahulravikumar/rover_ws/install/rover/share/rover/config
-- Installing: /home/rahulravikumar/rover_ws/install/rover/share/rover/config/my_controller.yaml
-- Installing: /home/rahulravikumar/rover_ws/install/rover/share/rover/config/gazebo_params.yaml
-- Installing: /home/rahulravikumar/rover_ws/install/rover/share/rover/config/empty.yaml
-- Installing: /home/rahulravikumar/rover_ws/install/rover/share/rover/config/twist_mux.yaml
-- Installing: /home/rahulravikumar/rover_ws/install/rover/share/rover/description
-- Installing: /home/rahulravikumar/rover_ws/install/rover/share/rover/description/robot_core.xacro
-- Installing: /home/rahulravikumar/rover_ws/install/rover/share/rover/description/ros2_control.xacro
-- Installing: /home/rahulravikumar/rover_ws/install/rover/share/rover/description/robot.urdf.xacro
-- Installing: /home/rahulravikumar/rover_ws/install/rover/share/rover/description/inertial_macros.xacro
-- Installing: /home/rahulravikumar/rover_ws/install/rover/share/rover/worlds
-- Installing: /home/rahulravikumar/rover_ws/install/rover/share/rover/worlds/obstacles.world
-- Installing: /home/rahulravikumar/rover_ws/install/rover/share/rover/worlds/empty.world
-- Installing: /home/rahulravikumar/rover_ws/install/rover/share/ament_index/resource_index/package_run_dependencies/rover
-- Installing: /home/rahulravikumar/rover_ws/install/rover/share/ament_index/resource_index/parent_prefix_path/rover
-- Installing: /home/rahulravikumar/rover_ws/install/rover/share/rover/environment/ament_prefix_path.sh
-- Installing: /home/rahulravikumar/rover_ws/install/rover/share/rover/environment/ament_prefix_path.dsv
-- Installing: /home/rahulravikumar/rover_ws/install/rover/share/rover/environment/path.sh
-- Installing: /home/rahulravikumar/rover_ws/install/rover/share/rover/environment/path.dsv
-- Installing: /home/rahulravikumar/rover_ws/install/rover/share/rover/local_setup.bash
-- Installing: /home/rahulravikumar/rover_ws/install/rover/share/rover/local_setup.sh
-- Installing: /home/rahulravikumar/rover_ws/install/rover/share/rover/local_setup.zsh
-- Installing: /home/rahulravikumar/rover_ws/install/rover/share/rover/local_setup.dsv
-- Installing: /home/rahulravikumar/rover_ws/install/rover/share/rover/package.dsv
-- Installing: /home/rahulravikumar/rover_ws/install/rover/share/ament_index/resource_index/packages/rover
-- Installing: /home/rahulravikumar/rover_ws/install/rover/share/rover/cmake/roverConfig.cmake
-- Installing: /home/rahulravikumar/rover_ws/install/rover/share/rover/cmake/roverConfig-version.cmake
-- Installing: /home/rahulravikumar/rover_ws/install/rover/share/rover/package.xml
