Built target ament_cmake_python_copy_rover
running egg_info
writing rover.egg-info/PKG-INFO
writing dependency_links to rover.egg-info/dependency_links.txt
writing top-level names to rover.egg-info/top_level.txt
reading manifest file 'rover.egg-info/SOURCES.txt'
writing manifest file 'rover.egg-info/SOURCES.txt'
Built target ament_cmake_python_build_rover_egg
-- Install configuration: ""
-- Up-to-date: /home/rahulravikumar/rover_ws/install/rover/share/rover/environment/pythonpath.sh
-- Up-to-date: /home/rahulravikumar/rover_ws/install/rover/share/rover/environment/pythonpath.dsv
-- Up-to-date: /home/rahulravikumar/rover_ws/install/rover/local/lib/python3.10/dist-packages/rover-0.0.0-py3.10.egg-info
-- Installing: /home/rahulravikumar/rover_ws/install/rover/local/lib/python3.10/dist-packages/rover-0.0.0-py3.10.egg-info/top_level.txt
-- Installing: /home/rahulravikumar/rover_ws/install/rover/local/lib/python3.10/dist-packages/rover-0.0.0-py3.10.egg-info/PKG-INFO
-- Installing: /home/rahulravikumar/rover_ws/install/rover/local/lib/python3.10/dist-packages/rover-0.0.0-py3.10.egg-info/dependency_links.txt
-- Installing: /home/rahulravikumar/rover_ws/install/rover/local/lib/python3.10/dist-packages/rover-0.0.0-py3.10.egg-info/SOURCES.txt
-- Up-to-date: /home/rahulravikumar/rover_ws/install/rover/local/lib/python3.10/dist-packages/rover
-- Up-to-date: /home/rahulravikumar/rover_ws/install/rover/local/lib/python3.10/dist-packages/rover/brain.py
-- Up-to-date: /home/rahulravikumar/rover_ws/install/rover/local/lib/python3.10/dist-packages/rover/__init__.py
-- Up-to-date: /home/rahulravikumar/rover_ws/install/rover/local/lib/python3.10/dist-packages/rover/controller.py
Listing '/home/rahulravikumar/rover_ws/install/rover/local/lib/python3.10/dist-packages/rover'...
-- Up-to-date: /home/rahulravikumar/rover_ws/install/rover/lib/rover/controller.py
-- Up-to-date: /home/rahulravikumar/rover_ws/install/rover/share/rover/launch
-- Up-to-date: /home/rahulravikumar/rover_ws/install/rover/share/rover/launch/rsp.launch.py
-- Up-to-date: /home/rahulravikumar/rover_ws/install/rover/share/rover/launch/launch_sim.launch.py
-- Up-to-date: /home/rahulravikumar/rover_ws/install/rover/share/rover/config
-- Up-to-date: /home/rahulravikumar/rover_ws/install/rover/share/rover/config/my_controller.yaml
-- Up-to-date: /home/rahulravikumar/rover_ws/install/rover/share/rover/config/gazebo_params.yaml
-- Up-to-date: /home/rahulravikumar/rover_ws/install/rover/share/rover/config/empty.yaml
-- Up-to-date: /home/rahulravikumar/rover_ws/install/rover/share/rover/config/twist_mux.yaml
-- Up-to-date: /home/rahulravikumar/rover_ws/install/rover/share/rover/description
-- Up-to-date: /home/rahulravikumar/rover_ws/install/rover/share/rover/description/robot_core.xacro
-- Up-to-date: /home/rahulravikumar/rover_ws/install/rover/share/rover/description/ros2_control.xacro
-- Up-to-date: /home/rahulravikumar/rover_ws/install/rover/share/rover/description/robot.urdf.xacro
-- Up-to-date: /home/rahulravikumar/rover_ws/install/rover/share/rover/description/inertial_macros.xacro
-- Up-to-date: /home/rahulravikumar/rover_ws/install/rover/share/rover/worlds
-- Up-to-date: /home/rahulravikumar/rover_ws/install/rover/share/rover/worlds/obstacles.world
-- Up-to-date: /home/rahulravikumar/rover_ws/install/rover/share/rover/worlds/empty.world
-- Up-to-date: /home/rahulravikumar/rover_ws/install/rover/share/ament_index/resource_index/package_run_dependencies/rover
-- Up-to-date: /home/rahulravikumar/rover_ws/install/rover/share/ament_index/resource_index/parent_prefix_path/rover
-- Up-to-date: /home/rahulravikumar/rover_ws/install/rover/share/rover/environment/ament_prefix_path.sh
-- Up-to-date: /home/rahulravikumar/rover_ws/install/rover/share/rover/environment/ament_prefix_path.dsv
-- Up-to-date: /home/rahulravikumar/rover_ws/install/rover/share/rover/environment/path.sh
-- Up-to-date: /home/rahulravikumar/rover_ws/install/rover/share/rover/environment/path.dsv
-- Up-to-date: /home/rahulravikumar/rover_ws/install/rover/share/rover/local_setup.bash
-- Up-to-date: /home/rahulravikumar/rover_ws/install/rover/share/rover/local_setup.sh
-- Up-to-date: /home/rahulravikumar/rover_ws/install/rover/share/rover/local_setup.zsh
-- Up-to-date: /home/rahulravikumar/rover_ws/install/rover/share/rover/local_setup.dsv
-- Installing: /home/rahulravikumar/rover_ws/install/rover/share/rover/package.dsv
-- Up-to-date: /home/rahulravikumar/rover_ws/install/rover/share/ament_index/resource_index/packages/rover
-- Up-to-date: /home/rahulravikumar/rover_ws/install/rover/share/rover/cmake/roverConfig.cmake
-- Up-to-date: /home/rahulravikumar/rover_ws/install/rover/share/rover/cmake/roverConfig-version.cmake
-- Up-to-date: /home/rahulravikumar/rover_ws/install/rover/share/rover/package.xml
