[0.048s] Invoking command in '/home/rahulravikumar/rover_ws/build/rover': CMAKE_PREFIX_PATH=${CMAKE_PREFIX_PATH}:/home/rahulravikumar/ros2_ws/install/my_py_pkg:/home/rahulravikumar/ros2_ws/install/exam_invigilation:/opt/ros/humble /usr/bin/cmake --build /home/rahulravikumar/rover_ws/build/rover -- -j4 -l4
[0.131s] Built target ament_cmake_python_copy_rover
[0.366s] running egg_info
[0.371s] writing rover.egg-info/PKG-INFO
[0.371s] writing dependency_links to rover.egg-info/dependency_links.txt
[0.371s] writing top-level names to rover.egg-info/top_level.txt
[0.373s] reading manifest file 'rover.egg-info/SOURCES.txt'
[0.375s] writing manifest file 'rover.egg-info/SOURCES.txt'
[0.403s] Built target ament_cmake_python_build_rover_egg
[0.419s] Invoked command in '/home/rahulravikumar/rover_ws/build/rover' returned '0': CMAKE_PREFIX_PATH=${CMAKE_PREFIX_PATH}:/home/rahulravikumar/ros2_ws/install/my_py_pkg:/home/rahulravikumar/ros2_ws/install/exam_invigilation:/opt/ros/humble /usr/bin/cmake --build /home/rahulravikumar/rover_ws/build/rover -- -j4 -l4
[0.511s] Invoking command in '/home/rahulravikumar/rover_ws/build/rover': CMAKE_PREFIX_PATH=${CMAKE_PREFIX_PATH}:/home/rahulravikumar/ros2_ws/install/my_py_pkg:/home/rahulravikumar/ros2_ws/install/exam_invigilation:/opt/ros/humble /usr/bin/cmake --install /home/rahulravikumar/rover_ws/build/rover
[0.521s] -- Install configuration: ""
[0.521s] -- Up-to-date: /home/rahulravikumar/rover_ws/install/rover/share/rover/environment/pythonpath.sh
[0.521s] -- Up-to-date: /home/rahulravikumar/rover_ws/install/rover/share/rover/environment/pythonpath.dsv
[0.521s] -- Up-to-date: /home/rahulravikumar/rover_ws/install/rover/local/lib/python3.10/dist-packages/rover-0.0.0-py3.10.egg-info
[0.521s] -- Installing: /home/rahulravikumar/rover_ws/install/rover/local/lib/python3.10/dist-packages/rover-0.0.0-py3.10.egg-info/top_level.txt
[0.522s] -- Installing: /home/rahulravikumar/rover_ws/install/rover/local/lib/python3.10/dist-packages/rover-0.0.0-py3.10.egg-info/PKG-INFO
[0.522s] -- Installing: /home/rahulravikumar/rover_ws/install/rover/local/lib/python3.10/dist-packages/rover-0.0.0-py3.10.egg-info/dependency_links.txt
[0.522s] -- Installing: /home/rahulravikumar/rover_ws/install/rover/local/lib/python3.10/dist-packages/rover-0.0.0-py3.10.egg-info/SOURCES.txt
[0.522s] -- Up-to-date: /home/rahulravikumar/rover_ws/install/rover/local/lib/python3.10/dist-packages/rover
[0.522s] -- Up-to-date: /home/rahulravikumar/rover_ws/install/rover/local/lib/python3.10/dist-packages/rover/brain.py
[0.522s] -- Up-to-date: /home/rahulravikumar/rover_ws/install/rover/local/lib/python3.10/dist-packages/rover/__init__.py
[0.522s] -- Up-to-date: /home/rahulravikumar/rover_ws/install/rover/local/lib/python3.10/dist-packages/rover/controller.py
[0.556s] Listing '/home/rahulravikumar/rover_ws/install/rover/local/lib/python3.10/dist-packages/rover'...
[0.560s] -- Up-to-date: /home/rahulravikumar/rover_ws/install/rover/lib/rover/controller.py
[0.560s] -- Up-to-date: /home/rahulravikumar/rover_ws/install/rover/share/rover/launch
[0.560s] -- Up-to-date: /home/rahulravikumar/rover_ws/install/rover/share/rover/launch/rsp.launch.py
[0.561s] -- Up-to-date: /home/rahulravikumar/rover_ws/install/rover/share/rover/launch/launch_sim.launch.py
[0.561s] -- Up-to-date: /home/rahulravikumar/rover_ws/install/rover/share/rover/config
[0.561s] -- Up-to-date: /home/rahulravikumar/rover_ws/install/rover/share/rover/config/my_controller.yaml
[0.561s] -- Up-to-date: /home/rahulravikumar/rover_ws/install/rover/share/rover/config/gazebo_params.yaml
[0.561s] -- Up-to-date: /home/rahulravikumar/rover_ws/install/rover/share/rover/config/empty.yaml
[0.561s] -- Up-to-date: /home/rahulravikumar/rover_ws/install/rover/share/rover/config/twist_mux.yaml
[0.561s] -- Up-to-date: /home/rahulravikumar/rover_ws/install/rover/share/rover/description
[0.562s] -- Up-to-date: /home/rahulravikumar/rover_ws/install/rover/share/rover/description/robot_core.xacro
[0.562s] -- Up-to-date: /home/rahulravikumar/rover_ws/install/rover/share/rover/description/ros2_control.xacro
[0.562s] -- Up-to-date: /home/rahulravikumar/rover_ws/install/rover/share/rover/description/robot.urdf.xacro
[0.563s] -- Up-to-date: /home/rahulravikumar/rover_ws/install/rover/share/rover/description/inertial_macros.xacro
[0.563s] -- Up-to-date: /home/rahulravikumar/rover_ws/install/rover/share/rover/worlds
[0.563s] -- Up-to-date: /home/rahulravikumar/rover_ws/install/rover/share/rover/worlds/obstacles.world
[0.564s] -- Up-to-date: /home/rahulravikumar/rover_ws/install/rover/share/rover/worlds/empty.world
[0.564s] -- Up-to-date: /home/rahulravikumar/rover_ws/install/rover/share/ament_index/resource_index/package_run_dependencies/rover
[0.564s] -- Up-to-date: /home/rahulravikumar/rover_ws/install/rover/share/ament_index/resource_index/parent_prefix_path/rover
[0.564s] -- Up-to-date: /home/rahulravikumar/rover_ws/install/rover/share/rover/environment/ament_prefix_path.sh
[0.564s] -- Up-to-date: /home/rahulravikumar/rover_ws/install/rover/share/rover/environment/ament_prefix_path.dsv
[0.564s] -- Up-to-date: /home/rahulravikumar/rover_ws/install/rover/share/rover/environment/path.sh
[0.564s] -- Up-to-date: /home/rahulravikumar/rover_ws/install/rover/share/rover/environment/path.dsv
[0.565s] -- Up-to-date: /home/rahulravikumar/rover_ws/install/rover/share/rover/local_setup.bash
[0.566s] -- Up-to-date: /home/rahulravikumar/rover_ws/install/rover/share/rover/local_setup.sh
[0.566s] -- Up-to-date: /home/rahulravikumar/rover_ws/install/rover/share/rover/local_setup.zsh
[0.566s] -- Up-to-date: /home/rahulravikumar/rover_ws/install/rover/share/rover/local_setup.dsv
[0.566s] -- Installing: /home/rahulravikumar/rover_ws/install/rover/share/rover/package.dsv
[0.566s] -- Up-to-date: /home/rahulravikumar/rover_ws/install/rover/share/ament_index/resource_index/packages/rover
[0.566s] -- Up-to-date: /home/rahulravikumar/rover_ws/install/rover/share/rover/cmake/roverConfig.cmake
[0.566s] -- Up-to-date: /home/rahulravikumar/rover_ws/install/rover/share/rover/cmake/roverConfig-version.cmake
[0.567s] -- Up-to-date: /home/rahulravikumar/rover_ws/install/rover/share/rover/package.xml
[0.570s] Invoked command in '/home/rahulravikumar/rover_ws/build/rover' returned '0': CMAKE_PREFIX_PATH=${CMAKE_PREFIX_PATH}:/home/rahulravikumar/ros2_ws/install/my_py_pkg:/home/rahulravikumar/ros2_ws/install/exam_invigilation:/opt/ros/humble /usr/bin/cmake --install /home/rahulravikumar/rover_ws/build/rover
