[0.049s] Invoking command in '/home/rahulravikumar/rover_ws/build/rover': CMAKE_PREFIX_PATH=${CMAKE_PREFIX_PATH}:/home/rahulravikumar/ros2_ws/install/my_py_pkg:/home/rahulravikumar/ros2_ws/install/exam_invigilation:/opt/ros/humble /usr/bin/cmake --build /home/rahulravikumar/rover_ws/build/rover -- -j4 -l4
[0.278s] Built target ament_cmake_python_copy_rover
[0.514s] running egg_info
[0.515s] writing rover.egg-info/PKG-INFO
[0.516s] writing dependency_links to rover.egg-info/dependency_links.txt
[0.517s] writing top-level names to rover.egg-info/top_level.txt
[0.521s] reading manifest file 'rover.egg-info/SOURCES.txt'
[0.522s] writing manifest file 'rover.egg-info/SOURCES.txt'
[0.560s] Built target ament_cmake_python_build_rover_egg
[0.571s] Invoked command in '/home/rahulravikumar/rover_ws/build/rover' returned '0': CMAKE_PREFIX_PATH=${CMAKE_PREFIX_PATH}:/home/rahulravikumar/ros2_ws/install/my_py_pkg:/home/rahulravikumar/ros2_ws/install/exam_invigilation:/opt/ros/humble /usr/bin/cmake --build /home/rahulravikumar/rover_ws/build/rover -- -j4 -l4
[0.623s] Invoking command in '/home/rahulravikumar/rover_ws/build/rover': CMAKE_PREFIX_PATH=${CMAKE_PREFIX_PATH}:/home/rahulravikumar/ros2_ws/install/my_py_pkg:/home/rahulravikumar/ros2_ws/install/exam_invigilation:/opt/ros/humble /usr/bin/cmake --install /home/rahulravikumar/rover_ws/build/rover
[0.634s] -- Install configuration: ""
[0.644s] -- Up-to-date: /home/rahulravikumar/rover_ws/install/rover/share/rover/environment/pythonpath.sh
[0.644s] -- Up-to-date: /home/rahulravikumar/rover_ws/install/rover/share/rover/environment/pythonpath.dsv
[0.649s] -- Up-to-date: /home/rahulravikumar/rover_ws/install/rover/local/lib/python3.10/dist-packages/rover-0.0.0-py3.10.egg-info
[0.653s] -- Installing: /home/rahulravikumar/rover_ws/install/rover/local/lib/python3.10/dist-packages/rover-0.0.0-py3.10.egg-info/top_level.txt
[0.666s] -- Installing: /home/rahulravikumar/rover_ws/install/rover/local/lib/python3.10/dist-packages/rover-0.0.0-py3.10.egg-info/PKG-INFO
[0.666s] -- Installing: /home/rahulravikumar/rover_ws/install/rover/local/lib/python3.10/dist-packages/rover-0.0.0-py3.10.egg-info/dependency_links.txt
[0.666s] -- Installing: /home/rahulravikumar/rover_ws/install/rover/local/lib/python3.10/dist-packages/rover-0.0.0-py3.10.egg-info/SOURCES.txt
[0.666s] -- Up-to-date: /home/rahulravikumar/rover_ws/install/rover/local/lib/python3.10/dist-packages/rover
[0.666s] -- Up-to-date: /home/rahulravikumar/rover_ws/install/rover/local/lib/python3.10/dist-packages/rover/brain.py
[0.666s] -- Up-to-date: /home/rahulravikumar/rover_ws/install/rover/local/lib/python3.10/dist-packages/rover/__init__.py
[0.666s] -- Up-to-date: /home/rahulravikumar/rover_ws/install/rover/local/lib/python3.10/dist-packages/rover/controller.py
[0.699s] Listing '/home/rahulravikumar/rover_ws/install/rover/local/lib/python3.10/dist-packages/rover'...
[0.704s] -- Up-to-date: /home/rahulravikumar/rover_ws/install/rover/lib/rover/controller.py
[0.705s] -- Up-to-date: /home/rahulravikumar/rover_ws/install/rover/share/rover/launch
[0.706s] -- Up-to-date: /home/rahulravikumar/rover_ws/install/rover/share/rover/launch/rsp.launch.py
[0.706s] -- Up-to-date: /home/rahulravikumar/rover_ws/install/rover/share/rover/launch/launch_sim.launch.py
[0.706s] -- Up-to-date: /home/rahulravikumar/rover_ws/install/rover/share/rover/config
[0.707s] -- Up-to-date: /home/rahulravikumar/rover_ws/install/rover/share/rover/config/my_controller.yaml
[0.707s] -- Up-to-date: /home/rahulravikumar/rover_ws/install/rover/share/rover/config/gazebo_params.yaml
[0.707s] -- Up-to-date: /home/rahulravikumar/rover_ws/install/rover/share/rover/config/empty.yaml
[0.707s] -- Up-to-date: /home/rahulravikumar/rover_ws/install/rover/share/rover/config/twist_mux.yaml
[0.707s] -- Up-to-date: /home/rahulravikumar/rover_ws/install/rover/share/rover/description
[0.708s] -- Up-to-date: /home/rahulravikumar/rover_ws/install/rover/share/rover/description/robot_core.xacro
[0.708s] -- Up-to-date: /home/rahulravikumar/rover_ws/install/rover/share/rover/description/ros2_control.xacro
[0.708s] -- Up-to-date: /home/rahulravikumar/rover_ws/install/rover/share/rover/description/robot.urdf.xacro
[0.708s] -- Up-to-date: /home/rahulravikumar/rover_ws/install/rover/share/rover/description/inertial_macros.xacro
[0.708s] -- Up-to-date: /home/rahulravikumar/rover_ws/install/rover/share/rover/worlds
[0.710s] -- Up-to-date: /home/rahulravikumar/rover_ws/install/rover/share/rover/worlds/obstacles.world
[0.710s] -- Up-to-date: /home/rahulravikumar/rover_ws/install/rover/share/rover/worlds/empty.world
[0.712s] -- Up-to-date: /home/rahulravikumar/rover_ws/install/rover/share/ament_index/resource_index/package_run_dependencies/rover
[0.713s] -- Up-to-date: /home/rahulravikumar/rover_ws/install/rover/share/ament_index/resource_index/parent_prefix_path/rover
[0.713s] -- Up-to-date: /home/rahulravikumar/rover_ws/install/rover/share/rover/environment/ament_prefix_path.sh
[0.713s] -- Up-to-date: /home/rahulravikumar/rover_ws/install/rover/share/rover/environment/ament_prefix_path.dsv
[0.714s] -- Up-to-date: /home/rahulravikumar/rover_ws/install/rover/share/rover/environment/path.sh
[0.714s] -- Up-to-date: /home/rahulravikumar/rover_ws/install/rover/share/rover/environment/path.dsv
[0.714s] -- Up-to-date: /home/rahulravikumar/rover_ws/install/rover/share/rover/local_setup.bash
[0.714s] -- Up-to-date: /home/rahulravikumar/rover_ws/install/rover/share/rover/local_setup.sh
[0.714s] -- Up-to-date: /home/rahulravikumar/rover_ws/install/rover/share/rover/local_setup.zsh
[0.714s] -- Up-to-date: /home/rahulravikumar/rover_ws/install/rover/share/rover/local_setup.dsv
[0.714s] -- Installing: /home/rahulravikumar/rover_ws/install/rover/share/rover/package.dsv
[0.715s] -- Up-to-date: /home/rahulravikumar/rover_ws/install/rover/share/ament_index/resource_index/packages/rover
[0.716s] -- Up-to-date: /home/rahulravikumar/rover_ws/install/rover/share/rover/cmake/roverConfig.cmake
[0.716s] -- Up-to-date: /home/rahulravikumar/rover_ws/install/rover/share/rover/cmake/roverConfig-version.cmake
[0.716s] -- Up-to-date: /home/rahulravikumar/rover_ws/install/rover/share/rover/package.xml
[0.718s] Invoked command in '/home/rahulravikumar/rover_ws/build/rover' returned '0': CMAKE_PREFIX_PATH=${CMAKE_PREFIX_PATH}:/home/rahulravikumar/ros2_ws/install/my_py_pkg:/home/rahulravikumar/ros2_ws/install/exam_invigilation:/opt/ros/humble /usr/bin/cmake --install /home/rahulravikumar/rover_ws/build/rover
