[0.980s] DEBUG:colcon:Command line arguments: ['/usr/bin/colcon', 'build']
[0.980s] DEBUG:colcon:Parsed command line arguments: Namespace(log_base=None, log_level=None, verb_name='build', build_base='build', install_base='install', merge_install=False, symlink_install=False, test_result_base=None, continue_on_error=False, executor='parallel', parallel_workers=4, event_handlers=None, ignore_user_meta=False, metas=['./colcon.meta'], base_paths=['.'], packages_ignore=None, packages_ignore_regex=None, paths=None, packages_up_to=None, packages_up_to_regex=None, packages_above=None, packages_above_and_dependencies=None, packages_above_depth=None, packages_select_by_dep=None, packages_skip_by_dep=None, packages_skip_up_to=None, packages_select_build_failed=False, packages_skip_build_finished=False, packages_select_test_failures=False, packages_skip_test_passed=False, packages_select=None, packages_skip=None, packages_select_regex=None, packages_skip_regex=None, packages_start=None, packages_end=None, allow_overriding=[], cmake_args=None, cmake_target=None, cmake_target_skip_unavailable=False, cmake_clean_cache=False, cmake_clean_first=False, cmake_force_configure=False, ament_cmake_args=None, catkin_cmake_args=None, catkin_skip_building_tests=False, verb_parser=<colcon_defaults.argument_parser.defaults.DefaultArgumentsDecorator object at 0x7f7b408cfa30>, verb_extension=<colcon_core.verb.build.BuildVerb object at 0x7f7b407233d0>, main=<bound method BuildVerb.main of <colcon_core.verb.build.BuildVerb object at 0x7f7b407233d0>>)
[1.122s] Level 1:colcon.colcon_core.package_discovery:discover_packages(colcon_meta) check parameters
[1.122s] Level 1:colcon.colcon_core.package_discovery:discover_packages(recursive) check parameters
[1.123s] Level 1:colcon.colcon_core.package_discovery:discover_packages(ignore) check parameters
[1.123s] Level 1:colcon.colcon_core.package_discovery:discover_packages(path) check parameters
[1.123s] Level 1:colcon.colcon_core.package_discovery:discover_packages(colcon_meta) discover
[1.123s] Level 1:colcon.colcon_core.package_discovery:discover_packages(recursive) discover
[1.123s] INFO:colcon.colcon_core.package_discovery:Crawling recursively for packages in '/home/rahulravikumar/rover_ws'
[1.123s] Level 1:colcon.colcon_core.package_identification:_identify(.) by extensions ['ignore', 'ignore_ament_install']
[1.123s] Level 1:colcon.colcon_core.package_identification:_identify(.) by extension 'ignore'
[1.123s] Level 1:colcon.colcon_core.package_identification:_identify(.) by extension 'ignore_ament_install'
[1.123s] Level 1:colcon.colcon_core.package_identification:_identify(.) by extensions ['colcon_pkg']
[1.123s] Level 1:colcon.colcon_core.package_identification:_identify(.) by extension 'colcon_pkg'
[1.123s] Level 1:colcon.colcon_core.package_identification:_identify(.) by extensions ['colcon_meta']
[1.124s] Level 1:colcon.colcon_core.package_identification:_identify(.) by extension 'colcon_meta'
[1.124s] Level 1:colcon.colcon_core.package_identification:_identify(.) by extensions ['ros']
[1.124s] Level 1:colcon.colcon_core.package_identification:_identify(.) by extension 'ros'
[1.139s] Level 1:colcon.colcon_core.package_identification:_identify(.) by extensions ['cmake', 'python']
[1.139s] Level 1:colcon.colcon_core.package_identification:_identify(.) by extension 'cmake'
[1.139s] Level 1:colcon.colcon_core.package_identification:_identify(.) by extension 'python'
[1.139s] Level 1:colcon.colcon_core.package_identification:_identify(.) by extensions ['python_setup_py']
[1.139s] Level 1:colcon.colcon_core.package_identification:_identify(.) by extension 'python_setup_py'
[1.140s] Level 1:colcon.colcon_core.package_identification:_identify(build) by extensions ['ignore', 'ignore_ament_install']
[1.140s] Level 1:colcon.colcon_core.package_identification:_identify(build) by extension 'ignore'
[1.140s] Level 1:colcon.colcon_core.package_identification:_identify(build) ignored
[1.140s] Level 1:colcon.colcon_core.package_identification:_identify(install) by extensions ['ignore', 'ignore_ament_install']
[1.140s] Level 1:colcon.colcon_core.package_identification:_identify(install) by extension 'ignore'
[1.140s] Level 1:colcon.colcon_core.package_identification:_identify(install) ignored
[1.141s] Level 1:colcon.colcon_core.package_identification:_identify(log) by extensions ['ignore', 'ignore_ament_install']
[1.141s] Level 1:colcon.colcon_core.package_identification:_identify(log) by extension 'ignore'
[1.141s] Level 1:colcon.colcon_core.package_identification:_identify(log) ignored
[1.141s] Level 1:colcon.colcon_core.package_identification:_identify(src) by extensions ['ignore', 'ignore_ament_install']
[1.141s] Level 1:colcon.colcon_core.package_identification:_identify(src) by extension 'ignore'
[1.141s] Level 1:colcon.colcon_core.package_identification:_identify(src) by extension 'ignore_ament_install'
[1.141s] Level 1:colcon.colcon_core.package_identification:_identify(src) by extensions ['colcon_pkg']
[1.141s] Level 1:colcon.colcon_core.package_identification:_identify(src) by extension 'colcon_pkg'
[1.141s] Level 1:colcon.colcon_core.package_identification:_identify(src) by extensions ['colcon_meta']
[1.141s] Level 1:colcon.colcon_core.package_identification:_identify(src) by extension 'colcon_meta'
[1.141s] Level 1:colcon.colcon_core.package_identification:_identify(src) by extensions ['ros']
[1.141s] Level 1:colcon.colcon_core.package_identification:_identify(src) by extension 'ros'
[1.141s] Level 1:colcon.colcon_core.package_identification:_identify(src) by extensions ['cmake', 'python']
[1.141s] Level 1:colcon.colcon_core.package_identification:_identify(src) by extension 'cmake'
[1.141s] Level 1:colcon.colcon_core.package_identification:_identify(src) by extension 'python'
[1.141s] Level 1:colcon.colcon_core.package_identification:_identify(src) by extensions ['python_setup_py']
[1.141s] Level 1:colcon.colcon_core.package_identification:_identify(src) by extension 'python_setup_py'
[1.141s] Level 1:colcon.colcon_core.package_identification:_identify(src/rover) by extensions ['ignore', 'ignore_ament_install']
[1.142s] Level 1:colcon.colcon_core.package_identification:_identify(src/rover) by extension 'ignore'
[1.142s] Level 1:colcon.colcon_core.package_identification:_identify(src/rover) by extension 'ignore_ament_install'
[1.142s] Level 1:colcon.colcon_core.package_identification:_identify(src/rover) by extensions ['colcon_pkg']
[1.142s] Level 1:colcon.colcon_core.package_identification:_identify(src/rover) by extension 'colcon_pkg'
[1.142s] Level 1:colcon.colcon_core.package_identification:_identify(src/rover) by extensions ['colcon_meta']
[1.142s] Level 1:colcon.colcon_core.package_identification:_identify(src/rover) by extension 'colcon_meta'
[1.142s] Level 1:colcon.colcon_core.package_identification:_identify(src/rover) by extensions ['ros']
[1.142s] Level 1:colcon.colcon_core.package_identification:_identify(src/rover) by extension 'ros'
[1.145s] DEBUG:colcon.colcon_core.package_identification:Package 'src/rover' with type 'ros.ament_cmake' and name 'rover'
[1.145s] Level 1:colcon.colcon_core.package_discovery:discover_packages(recursive) using defaults
[1.146s] Level 1:colcon.colcon_core.package_discovery:discover_packages(ignore) discover
[1.146s] Level 1:colcon.colcon_core.package_discovery:discover_packages(ignore) using defaults
[1.146s] Level 1:colcon.colcon_core.package_discovery:discover_packages(path) discover
[1.146s] Level 1:colcon.colcon_core.package_discovery:discover_packages(path) using defaults
[1.209s] Level 1:colcon.colcon_core.package_discovery:discover_packages(prefix_path) check parameters
[1.209s] Level 1:colcon.colcon_core.package_discovery:discover_packages(prefix_path) discover
[1.221s] DEBUG:colcon.colcon_installed_package_information.package_discovery:Found 6 installed packages in /home/rahulravikumar/ros2_ws/install
[1.223s] DEBUG:colcon.colcon_installed_package_information.package_discovery:Found 319 installed packages in /opt/ros/humble
[1.225s] Level 1:colcon.colcon_core.package_discovery:discover_packages(prefix_path) using defaults
[1.303s] Level 5:colcon.colcon_core.verb:set package 'rover' build argument 'cmake_args' from command line to 'None'
[1.303s] Level 5:colcon.colcon_core.verb:set package 'rover' build argument 'cmake_target' from command line to 'None'
[1.303s] Level 5:colcon.colcon_core.verb:set package 'rover' build argument 'cmake_target_skip_unavailable' from command line to 'False'
[1.303s] Level 5:colcon.colcon_core.verb:set package 'rover' build argument 'cmake_clean_cache' from command line to 'False'
[1.303s] Level 5:colcon.colcon_core.verb:set package 'rover' build argument 'cmake_clean_first' from command line to 'False'
[1.303s] Level 5:colcon.colcon_core.verb:set package 'rover' build argument 'cmake_force_configure' from command line to 'False'
[1.303s] Level 5:colcon.colcon_core.verb:set package 'rover' build argument 'ament_cmake_args' from command line to 'None'
[1.303s] Level 5:colcon.colcon_core.verb:set package 'rover' build argument 'catkin_cmake_args' from command line to 'None'
[1.303s] Level 5:colcon.colcon_core.verb:set package 'rover' build argument 'catkin_skip_building_tests' from command line to 'False'
[1.303s] DEBUG:colcon.colcon_core.verb:Building package 'rover' with the following arguments: {'ament_cmake_args': None, 'build_base': '/home/rahulravikumar/rover_ws/build/rover', 'catkin_cmake_args': None, 'catkin_skip_building_tests': False, 'cmake_args': None, 'cmake_clean_cache': False, 'cmake_clean_first': False, 'cmake_force_configure': False, 'cmake_target': None, 'cmake_target_skip_unavailable': False, 'install_base': '/home/rahulravikumar/rover_ws/install/rover', 'merge_install': False, 'path': '/home/rahulravikumar/rover_ws/src/rover', 'symlink_install': False, 'test_result_base': None}
[1.304s] INFO:colcon.colcon_core.executor:Executing jobs using 'parallel' executor
[1.310s] DEBUG:colcon.colcon_parallel_executor.executor.parallel:run_until_complete
[1.310s] INFO:colcon.colcon_ros.task.ament_cmake.build:Building ROS package in '/home/rahulravikumar/rover_ws/src/rover' with build type 'ament_cmake'
[1.310s] INFO:colcon.colcon_cmake.task.cmake.build:Building CMake package in '/home/rahulravikumar/rover_ws/src/rover'
[1.369s] INFO:colcon.colcon_core.plugin_system:Skipping extension 'colcon_core.shell.bat': Not used on non-Windows systems
[1.369s] INFO:colcon.colcon_core.shell:Skip shell extension 'powershell' for command environment: Not usable outside of PowerShell
[1.370s] DEBUG:colcon.colcon_core.shell:Skip shell extension 'dsv' for command environment
[1.393s] DEBUG:colcon.colcon_core.event_handler.log_command:Invoking command in '/home/rahulravikumar/rover_ws/build/rover': CMAKE_PREFIX_PATH=${CMAKE_PREFIX_PATH}:/home/rahulravikumar/ros2_ws/install/my_py_pkg:/home/rahulravikumar/ros2_ws/install/exam_invigilation:/opt/ros/humble /usr/bin/cmake /home/rahulravikumar/rover_ws/src/rover -DCMAKE_INSTALL_PREFIX=/home/rahulravikumar/rover_ws/install/rover
[3.670s] DEBUG:colcon.colcon_core.event_handler.log_command:Invoked command in '/home/rahulravikumar/rover_ws/build/rover' returned '0': CMAKE_PREFIX_PATH=${CMAKE_PREFIX_PATH}:/home/rahulravikumar/ros2_ws/install/my_py_pkg:/home/rahulravikumar/ros2_ws/install/exam_invigilation:/opt/ros/humble /usr/bin/cmake /home/rahulravikumar/rover_ws/src/rover -DCMAKE_INSTALL_PREFIX=/home/rahulravikumar/rover_ws/install/rover
[3.674s] DEBUG:colcon.colcon_core.event_handler.log_command:Invoking command in '/home/rahulravikumar/rover_ws/build/rover': CMAKE_PREFIX_PATH=${CMAKE_PREFIX_PATH}:/home/rahulravikumar/ros2_ws/install/my_py_pkg:/home/rahulravikumar/ros2_ws/install/exam_invigilation:/opt/ros/humble /usr/bin/cmake --build /home/rahulravikumar/rover_ws/build/rover -- -j4 -l4
[4.620s] DEBUG:colcon.colcon_core.event_handler.log_command:Invoked command in '/home/rahulravikumar/rover_ws/build/rover' returned '0': CMAKE_PREFIX_PATH=${CMAKE_PREFIX_PATH}:/home/rahulravikumar/ros2_ws/install/my_py_pkg:/home/rahulravikumar/ros2_ws/install/exam_invigilation:/opt/ros/humble /usr/bin/cmake --build /home/rahulravikumar/rover_ws/build/rover -- -j4 -l4
[4.791s] DEBUG:colcon.colcon_core.event_handler.log_command:Invoking command in '/home/rahulravikumar/rover_ws/build/rover': CMAKE_PREFIX_PATH=${CMAKE_PREFIX_PATH}:/home/rahulravikumar/ros2_ws/install/my_py_pkg:/home/rahulravikumar/ros2_ws/install/exam_invigilation:/opt/ros/humble /usr/bin/cmake --install /home/rahulravikumar/rover_ws/build/rover
[4.958s] Level 1:colcon.colcon_core.environment:create_environment_scripts_only(rover)
[4.959s] DEBUG:colcon.colcon_core.event_handler.log_command:Invoked command in '/home/rahulravikumar/rover_ws/build/rover' returned '0': CMAKE_PREFIX_PATH=${CMAKE_PREFIX_PATH}:/home/rahulravikumar/ros2_ws/install/my_py_pkg:/home/rahulravikumar/ros2_ws/install/exam_invigilation:/opt/ros/humble /usr/bin/cmake --install /home/rahulravikumar/rover_ws/build/rover
[5.014s] Level 1:colcon.colcon_core.environment:checking '/home/rahulravikumar/rover_ws/install/rover' for CMake module files
[5.015s] Level 1:colcon.colcon_core.environment:checking '/home/rahulravikumar/rover_ws/install/rover' for CMake config files
[5.015s] Level 1:colcon.colcon_core.shell:create_environment_hook('rover', 'cmake_prefix_path')
[5.018s] INFO:colcon.colcon_core.shell:Creating environment hook '/home/rahulravikumar/rover_ws/install/rover/share/rover/hook/cmake_prefix_path.ps1'
[5.021s] INFO:colcon.colcon_core.shell:Creating environment descriptor '/home/rahulravikumar/rover_ws/install/rover/share/rover/hook/cmake_prefix_path.dsv'
[5.023s] INFO:colcon.colcon_core.shell:Creating environment hook '/home/rahulravikumar/rover_ws/install/rover/share/rover/hook/cmake_prefix_path.sh'
[5.026s] Level 1:colcon.colcon_core.environment:checking '/home/rahulravikumar/rover_ws/install/rover/lib'
[5.026s] Level 1:colcon.colcon_core.environment:checking '/home/rahulravikumar/rover_ws/install/rover/bin'
[5.027s] Level 1:colcon.colcon_core.environment:checking '/home/rahulravikumar/rover_ws/install/rover/lib/pkgconfig/rover.pc'
[5.028s] Level 1:colcon.colcon_core.environment:checking '/home/rahulravikumar/rover_ws/install/rover/lib/python3.10/site-packages'
[5.029s] Level 1:colcon.colcon_core.environment:checking '/home/rahulravikumar/rover_ws/install/rover/bin'
[5.032s] INFO:colcon.colcon_core.shell:Creating package script '/home/rahulravikumar/rover_ws/install/rover/share/rover/package.ps1'
[5.039s] INFO:colcon.colcon_core.shell:Creating package descriptor '/home/rahulravikumar/rover_ws/install/rover/share/rover/package.dsv'
[5.062s] INFO:colcon.colcon_core.shell:Creating package script '/home/rahulravikumar/rover_ws/install/rover/share/rover/package.sh'
[5.078s] INFO:colcon.colcon_core.shell:Creating package script '/home/rahulravikumar/rover_ws/install/rover/share/rover/package.bash'
[5.084s] INFO:colcon.colcon_core.shell:Creating package script '/home/rahulravikumar/rover_ws/install/rover/share/rover/package.zsh'
[5.087s] Level 1:colcon.colcon_core.environment:create_file_with_runtime_dependencies(/home/rahulravikumar/rover_ws/install/rover/share/colcon-core/packages/rover)
[5.234s] Level 1:colcon.colcon_core.environment:create_environment_scripts_only(rover)
[5.236s] Level 1:colcon.colcon_core.environment:checking '/home/rahulravikumar/rover_ws/install/rover' for CMake module files
[5.236s] Level 1:colcon.colcon_core.environment:checking '/home/rahulravikumar/rover_ws/install/rover' for CMake config files
[5.236s] Level 1:colcon.colcon_core.shell:create_environment_hook('rover', 'cmake_prefix_path')
[5.238s] INFO:colcon.colcon_core.shell:Creating environment hook '/home/rahulravikumar/rover_ws/install/rover/share/rover/hook/cmake_prefix_path.ps1'
[5.239s] INFO:colcon.colcon_core.shell:Creating environment descriptor '/home/rahulravikumar/rover_ws/install/rover/share/rover/hook/cmake_prefix_path.dsv'
[5.240s] INFO:colcon.colcon_core.shell:Creating environment hook '/home/rahulravikumar/rover_ws/install/rover/share/rover/hook/cmake_prefix_path.sh'
[5.241s] Level 1:colcon.colcon_core.environment:checking '/home/rahulravikumar/rover_ws/install/rover/lib'
[5.242s] Level 1:colcon.colcon_core.environment:checking '/home/rahulravikumar/rover_ws/install/rover/bin'
[5.242s] Level 1:colcon.colcon_core.environment:checking '/home/rahulravikumar/rover_ws/install/rover/lib/pkgconfig/rover.pc'
[5.242s] Level 1:colcon.colcon_core.environment:checking '/home/rahulravikumar/rover_ws/install/rover/lib/python3.10/site-packages'
[5.242s] Level 1:colcon.colcon_core.environment:checking '/home/rahulravikumar/rover_ws/install/rover/bin'
[5.243s] INFO:colcon.colcon_core.shell:Creating package script '/home/rahulravikumar/rover_ws/install/rover/share/rover/package.ps1'
[5.244s] INFO:colcon.colcon_core.shell:Creating package descriptor '/home/rahulravikumar/rover_ws/install/rover/share/rover/package.dsv'
[5.246s] INFO:colcon.colcon_core.shell:Creating package script '/home/rahulravikumar/rover_ws/install/rover/share/rover/package.sh'
[5.247s] INFO:colcon.colcon_core.shell:Creating package script '/home/rahulravikumar/rover_ws/install/rover/share/rover/package.bash'
[5.248s] INFO:colcon.colcon_core.shell:Creating package script '/home/rahulravikumar/rover_ws/install/rover/share/rover/package.zsh'
[5.252s] Level 1:colcon.colcon_core.environment:create_file_with_runtime_dependencies(/home/rahulravikumar/rover_ws/install/rover/share/colcon-core/packages/rover)
[5.256s] DEBUG:colcon.colcon_parallel_executor.executor.parallel:closing loop
[5.264s] DEBUG:colcon.colcon_parallel_executor.executor.parallel:loop closed
[5.264s] DEBUG:colcon.colcon_parallel_executor.executor.parallel:run_until_complete finished with '0'
[5.264s] DEBUG:colcon.colcon_core.event_reactor:joining thread
[5.278s] INFO:colcon.colcon_core.plugin_system:Skipping extension 'colcon_notification.desktop_notification.terminal_notifier': Not used on non-Darwin systems
[5.278s] INFO:colcon.colcon_core.plugin_system:Skipping extension 'colcon_notification.desktop_notification.win32': Not used on non-Windows systems
[5.279s] INFO:colcon.colcon_notification.desktop_notification:Sending desktop notification using 'notify2'
[5.354s] DEBUG:colcon.colcon_core.event_reactor:joined thread
[5.356s] INFO:colcon.colcon_core.shell:Creating prefix script '/home/rahulravikumar/rover_ws/install/local_setup.ps1'
[5.358s] INFO:colcon.colcon_core.shell:Creating prefix util module '/home/rahulravikumar/rover_ws/install/_local_setup_util_ps1.py'
[5.361s] INFO:colcon.colcon_core.shell:Creating prefix chain script '/home/rahulravikumar/rover_ws/install/setup.ps1'
[5.364s] INFO:colcon.colcon_core.shell:Creating prefix script '/home/rahulravikumar/rover_ws/install/local_setup.sh'
[5.365s] INFO:colcon.colcon_core.shell:Creating prefix util module '/home/rahulravikumar/rover_ws/install/_local_setup_util_sh.py'
[5.366s] INFO:colcon.colcon_core.shell:Creating prefix chain script '/home/rahulravikumar/rover_ws/install/setup.sh'
[5.369s] INFO:colcon.colcon_core.shell:Creating prefix script '/home/rahulravikumar/rover_ws/install/local_setup.bash'
[5.372s] INFO:colcon.colcon_core.shell:Creating prefix chain script '/home/rahulravikumar/rover_ws/install/setup.bash'
[5.382s] INFO:colcon.colcon_core.shell:Creating prefix script '/home/rahulravikumar/rover_ws/install/local_setup.zsh'
[5.383s] INFO:colcon.colcon_core.shell:Creating prefix chain script '/home/rahulravikumar/rover_ws/install/setup.zsh'
